2012/05/13 18:20:03 [error] [exception.CHttpException.404] exception 'CHttpException' with message 'Unable to resolve the request "admin/user".' in C:\wamp\www\lib\yii\framework\web\CWebApplication.php:280
Stack trace:
#0 C:\wamp\www\lib\yii\framework\web\CWebApplication.php(135): CWebApplication->runController('admin/user')
#1 C:\wamp\www\lib\yii\framework\base\CApplication.php(162): CWebApplication->processRequest()
#2 C:\wamp\www\KCCOnline\index.php(13): CApplication->run()
#3 {main}
REQUEST_URI=/KCCOnline/index.php?r=admin/user
---
2012/05/13 18:20:29 [error] [exception.CHttpException.404] exception 'CHttpException' with message 'Unable to resolve the request "admin/user/create".' in C:\wamp\www\lib\yii\framework\web\CWebApplication.php:280
Stack trace:
#0 C:\wamp\www\lib\yii\framework\web\CWebApplication.php(135): CWebApplication->runController('admin/user/crea...')
#1 C:\wamp\www\lib\yii\framework\base\CApplication.php(162): CWebApplication->processRequest()
#2 C:\wamp\www\KCCOnline\index.php(13): CApplication->run()
#3 {main}
REQUEST_URI=/KCCOnline/index.php?r=admin/user/create
---
2012/05/13 19:36:27 [error] [exception.CException] exception 'CException' with message 'Property "UserController.breadcrumbs" is not defined.' in C:\wamp\www\lib\yii\framework\base\CComponent.php:174
Stack trace:
#0 C:\wamp\www\kcconline\protected\modules\admin\views\user\index.php(2): CComponent->__set('breadcrumbs', Array)
#1 C:\wamp\www\lib\yii\framework\web\CBaseController.php(127): require('C:\wamp\www\kcc...')
#2 C:\wamp\www\lib\yii\framework\web\CBaseController.php(96): CBaseController->renderInternal('C:\wamp\www\kcc...', Array, true)
#3 C:\wamp\www\lib\yii\framework\web\CController.php(870): CBaseController->renderFile('C:\wamp\www\kcc...', Array, true)
#4 C:\wamp\www\lib\yii\framework\web\CController.php(783): CController->renderPartial('index', Array, true)
#5 C:\wamp\www\kcconline\protected\modules\admin\controllers\UserController.php(133): CController->render('index', Array)
#6 C:\wamp\www\lib\yii\framework\web\actions\CInlineAction.php(50): UserController->actionIndex()
#7 C:\wamp\www\lib\yii\framework\web\CController.php(309): CInlineAction->runWithParams(Array)
#8 C:\wamp\www\lib\yii\framework\web\filters\CFilterChain.php(134): CController->runAction(Object(CInlineAction))
#9 C:\wamp\www\lib\yii\framework\web\filters\CFilter.php(41): CFilterChain->run()
#10 C:\wamp\www\lib\yii\framework\web\CController.php(1146): CFilter->filter(Object(CFilterChain))
#11 C:\wamp\www\lib\yii\framework\web\filters\CInlineFilter.php(59): CController->filterAccessControl(Object(CFilterChain))
#12 C:\wamp\www\lib\yii\framework\web\filters\CFilterChain.php(131): CInlineFilter->filter(Object(CFilterChain))
#13 C:\wamp\www\lib\yii\framework\web\CController.php(292): CFilterChain->run()
#14 C:\wamp\www\lib\yii\framework\web\CController.php(266): CController->runActionWithFilters(Object(CInlineAction), Array)
#15 C:\wamp\www\lib\yii\framework\web\CWebApplication.php(276): CController->run('')
#16 C:\wamp\www\lib\yii\framework\web\CWebApplication.php(135): CWebApplication->runController('admin/user')
#17 C:\wamp\www\lib\yii\framework\base\CApplication.php(162): CWebApplication->processRequest()
#18 C:\wamp\www\kcconline\index.php(7): CApplication->run()
#19 {main}
REQUEST_URI=/kcconline/index.php?r=admin/user
---
2012/05/13 19:37:54 [error] [exception.CException] exception 'CException' with message 'Property "UserController.breadcrumbs" is not defined.' in C:\wamp\www\lib\yii\framework\base\CComponent.php:174
Stack trace:
#0 C:\wamp\www\kcconline\protected\modules\admin\views\user\create.php(2): CComponent->__set('breadcrumbs', Array)
#1 C:\wamp\www\lib\yii\framework\web\CBaseController.php(127): require('C:\wamp\www\kcc...')
#2 C:\wamp\www\lib\yii\framework\web\CBaseController.php(96): CBaseController->renderInternal('C:\wamp\www\kcc...', Array, true)
#3 C:\wamp\www\lib\yii\framework\web\CController.php(870): CBaseController->renderFile('C:\wamp\www\kcc...', Array, true)
#4 C:\wamp\www\lib\yii\framework\web\CController.php(783): CController->renderPartial('create', Array, true)
#5 C:\wamp\www\kcconline\protected\modules\admin\controllers\UserController.php(36): CController->render('create', Array)
#6 C:\wamp\www\lib\yii\framework\web\actions\CInlineAction.php(50): UserController->actionCreate()
#7 C:\wamp\www\lib\yii\framework\web\CController.php(309): CInlineAction->runWithParams(Array)
#8 C:\wamp\www\lib\yii\framework\web\filters\CFilterChain.php(134): CController->runAction(Object(CInlineAction))
#9 C:\wamp\www\lib\yii\framework\web\filters\CFilter.php(41): CFilterChain->run()
#10 C:\wamp\www\lib\yii\framework\web\CController.php(1146): CFilter->filter(Object(CFilterChain))
#11 C:\wamp\www\lib\yii\framework\web\filters\CInlineFilter.php(59): CController->filterAccessControl(Object(CFilterChain))
#12 C:\wamp\www\lib\yii\framework\web\filters\CFilterChain.php(131): CInlineFilter->filter(Object(CFilterChain))
#13 C:\wamp\www\lib\yii\framework\web\CController.php(292): CFilterChain->run()
#14 C:\wamp\www\lib\yii\framework\web\CController.php(266): CController->runActionWithFilters(Object(CInlineAction), Array)
#15 C:\wamp\www\lib\yii\framework\web\CWebApplication.php(276): CController->run('create')
#16 C:\wamp\www\lib\yii\framework\web\CWebApplication.php(135): CWebApplication->runController('admin/user/crea...')
#17 C:\wamp\www\lib\yii\framework\base\CApplication.php(162): CWebApplication->processRequest()
#18 C:\wamp\www\kcconline\index.php(7): CApplication->run()
#19 {main}
REQUEST_URI=/kcconline/index.php?r=admin/user/create
---
2012/05/13 19:38:31 [error] [exception.CException] exception 'CException' with message 'Property "UserController.breadcrumbs" is not defined.' in C:\wamp\www\lib\yii\framework\base\CComponent.php:174
Stack trace:
#0 C:\wamp\www\kcconline\protected\modules\admin\views\user\create.php(2): CComponent->__set('breadcrumbs', Array)
#1 C:\wamp\www\lib\yii\framework\web\CBaseController.php(127): require('C:\wamp\www\kcc...')
#2 C:\wamp\www\lib\yii\framework\web\CBaseController.php(96): CBaseController->renderInternal('C:\wamp\www\kcc...', Array, true)
#3 C:\wamp\www\lib\yii\framework\web\CController.php(870): CBaseController->renderFile('C:\wamp\www\kcc...', Array, true)
#4 C:\wamp\www\lib\yii\framework\web\CController.php(783): CController->renderPartial('create', Array, true)
#5 C:\wamp\www\kcconline\protected\modules\admin\controllers\UserController.php(36): CController->render('create', Array)
#6 C:\wamp\www\lib\yii\framework\web\actions\CInlineAction.php(50): UserController->actionCreate()
#7 C:\wamp\www\lib\yii\framework\web\CController.php(309): CInlineAction->runWithParams(Array)
#8 C:\wamp\www\lib\yii\framework\web\filters\CFilterChain.php(134): CController->runAction(Object(CInlineAction))
#9 C:\wamp\www\lib\yii\framework\web\filters\CFilter.php(41): CFilterChain->run()
#10 C:\wamp\www\lib\yii\framework\web\CController.php(1146): CFilter->filter(Object(CFilterChain))
#11 C:\wamp\www\lib\yii\framework\web\filters\CInlineFilter.php(59): CController->filterAccessControl(Object(CFilterChain))
#12 C:\wamp\www\lib\yii\framework\web\filters\CFilterChain.php(131): CInlineFilter->filter(Object(CFilterChain))
#13 C:\wamp\www\lib\yii\framework\web\CController.php(292): CFilterChain->run()
#14 C:\wamp\www\lib\yii\framework\web\CController.php(266): CController->runActionWithFilters(Object(CInlineAction), Array)
#15 C:\wamp\www\lib\yii\framework\web\CWebApplication.php(276): CController->run('create')
#16 C:\wamp\www\lib\yii\framework\web\CWebApplication.php(135): CWebApplication->runController('admin/user/crea...')
#17 C:\wamp\www\lib\yii\framework\base\CApplication.php(162): CWebApplication->processRequest()
#18 C:\wamp\www\kcconline\index.php(7): CApplication->run()
#19 {main}
REQUEST_URI=/kcconline/index.php?r=admin/user/create
---
2012/05/13 19:38:34 [error] [exception.CException] exception 'CException' with message 'Property "UserController.breadcrumbs" is not defined.' in C:\wamp\www\lib\yii\framework\base\CComponent.php:174
Stack trace:
#0 C:\wamp\www\kcconline\protected\modules\admin\views\user\create.php(2): CComponent->__set('breadcrumbs', Array)
#1 C:\wamp\www\lib\yii\framework\web\CBaseController.php(127): require('C:\wamp\www\kcc...')
#2 C:\wamp\www\lib\yii\framework\web\CBaseController.php(96): CBaseController->renderInternal('C:\wamp\www\kcc...', Array, true)
#3 C:\wamp\www\lib\yii\framework\web\CController.php(870): CBaseController->renderFile('C:\wamp\www\kcc...', Array, true)
#4 C:\wamp\www\lib\yii\framework\web\CController.php(783): CController->renderPartial('create', Array, true)
#5 C:\wamp\www\kcconline\protected\modules\admin\controllers\UserController.php(36): CController->render('create', Array)
#6 C:\wamp\www\lib\yii\framework\web\actions\CInlineAction.php(50): UserController->actionCreate()
#7 C:\wamp\www\lib\yii\framework\web\CController.php(309): CInlineAction->runWithParams(Array)
#8 C:\wamp\www\lib\yii\framework\web\filters\CFilterChain.php(134): CController->runAction(Object(CInlineAction))
#9 C:\wamp\www\lib\yii\framework\web\filters\CFilter.php(41): CFilterChain->run()
#10 C:\wamp\www\lib\yii\framework\web\CController.php(1146): CFilter->filter(Object(CFilterChain))
#11 C:\wamp\www\lib\yii\framework\web\filters\CInlineFilter.php(59): CController->filterAccessControl(Object(CFilterChain))
#12 C:\wamp\www\lib\yii\framework\web\filters\CFilterChain.php(131): CInlineFilter->filter(Object(CFilterChain))
#13 C:\wamp\www\lib\yii\framework\web\CController.php(292): CFilterChain->run()
#14 C:\wamp\www\lib\yii\framework\web\CController.php(266): CController->runActionWithFilters(Object(CInlineAction), Array)
#15 C:\wamp\www\lib\yii\framework\web\CWebApplication.php(276): CController->run('create')
#16 C:\wamp\www\lib\yii\framework\web\CWebApplication.php(135): CWebApplication->runController('admin/user/crea...')
#17 C:\wamp\www\lib\yii\framework\base\CApplication.php(162): CWebApplication->processRequest()
#18 C:\wamp\www\kcconline\index.php(7): CApplication->run()
#19 {main}
REQUEST_URI=/kcconline/index.php?r=admin/user/create
---
2012/05/13 19:38:54 [error] [exception.CException] exception 'CException' with message 'Property "UserController.menu" is not defined.' in C:\wamp\www\lib\yii\framework\base\CComponent.php:174
Stack trace:
#0 C:\wamp\www\kcconline\protected\modules\admin\views\user\create.php(3): CComponent->__set('menu', Array)
#1 C:\wamp\www\lib\yii\framework\web\CBaseController.php(127): require('C:\wamp\www\kcc...')
#2 C:\wamp\www\lib\yii\framework\web\CBaseController.php(96): CBaseController->renderInternal('C:\wamp\www\kcc...', Array, true)
#3 C:\wamp\www\lib\yii\framework\web\CController.php(870): CBaseController->renderFile('C:\wamp\www\kcc...', Array, true)
#4 C:\wamp\www\lib\yii\framework\web\CController.php(783): CController->renderPartial('create', Array, true)
#5 C:\wamp\www\kcconline\protected\modules\admin\controllers\UserController.php(36): CController->render('create', Array)
#6 C:\wamp\www\lib\yii\framework\web\actions\CInlineAction.php(50): UserController->actionCreate()
#7 C:\wamp\www\lib\yii\framework\web\CController.php(309): CInlineAction->runWithParams(Array)
#8 C:\wamp\www\lib\yii\framework\web\filters\CFilterChain.php(134): CController->runAction(Object(CInlineAction))
#9 C:\wamp\www\lib\yii\framework\web\filters\CFilter.php(41): CFilterChain->run()
#10 C:\wamp\www\lib\yii\framework\web\CController.php(1146): CFilter->filter(Object(CFilterChain))
#11 C:\wamp\www\lib\yii\framework\web\filters\CInlineFilter.php(59): CController->filterAccessControl(Object(CFilterChain))
#12 C:\wamp\www\lib\yii\framework\web\filters\CFilterChain.php(131): CInlineFilter->filter(Object(CFilterChain))
#13 C:\wamp\www\lib\yii\framework\web\CController.php(292): CFilterChain->run()
#14 C:\wamp\www\lib\yii\framework\web\CController.php(266): CController->runActionWithFilters(Object(CInlineAction), Array)
#15 C:\wamp\www\lib\yii\framework\web\CWebApplication.php(276): CController->run('create')
#16 C:\wamp\www\lib\yii\framework\web\CWebApplication.php(135): CWebApplication->runController('admin/user/crea...')
#17 C:\wamp\www\lib\yii\framework\base\CApplication.php(162): CWebApplication->processRequest()
#18 C:\wamp\www\kcconline\index.php(7): CApplication->run()
#19 {main}
REQUEST_URI=/kcconline/index.php?r=admin/user/create
---
2012/05/13 20:18:07 [error] [exception.CException] exception 'CException' with message 'Property "UserController.menu" is not defined.' in C:\wamp\www\lib\yii\framework\base\CComponent.php:174
Stack trace:
#0 C:\wamp\www\kcconline\protected\modules\admin\views\user\view.php(2): CComponent->__set('menu', Array)
#1 C:\wamp\www\lib\yii\framework\web\CBaseController.php(127): require('C:\wamp\www\kcc...')
#2 C:\wamp\www\lib\yii\framework\web\CBaseController.php(96): CBaseController->renderInternal('C:\wamp\www\kcc...', Array, true)
#3 C:\wamp\www\lib\yii\framework\web\CController.php(870): CBaseController->renderFile('C:\wamp\www\kcc...', Array, true)
#4 C:\wamp\www\lib\yii\framework\web\CController.php(783): CController->renderPartial('view', Array, true)
#5 C:\wamp\www\kcconline\protected\modules\admin\controllers\UserController.php(13): CController->render('view', Array)
#6 [internal function]: UserController->actionView('1')
#7 C:\wamp\www\lib\yii\framework\web\actions\CAction.php(107): ReflectionMethod->invokeArgs(Object(UserController), Array)
#8 C:\wamp\www\lib\yii\framework\web\actions\CInlineAction.php(48): CAction->runWithParamsInternal(Object(UserController), Object(ReflectionMethod), Array)
#9 C:\wamp\www\lib\yii\framework\web\CController.php(309): CInlineAction->runWithParams(Array)
#10 C:\wamp\www\lib\yii\framework\web\filters\CFilterChain.php(134): CController->runAction(Object(CInlineAction))
#11 C:\wamp\www\lib\yii\framework\web\filters\CFilter.php(41): CFilterChain->run()
#12 C:\wamp\www\lib\yii\framework\web\CController.php(1146): CFilter->filter(Object(CFilterChain))
#13 C:\wamp\www\lib\yii\framework\web\filters\CInlineFilter.php(59): CController->filterAccessControl(Object(CFilterChain))
#14 C:\wamp\www\lib\yii\framework\web\filters\CFilterChain.php(131): CInlineFilter->filter(Object(CFilterChain))
#15 C:\wamp\www\lib\yii\framework\web\CController.php(292): CFilterChain->run()
#16 C:\wamp\www\lib\yii\framework\web\CController.php(266): CController->runActionWithFilters(Object(CInlineAction), Array)
#17 C:\wamp\www\lib\yii\framework\web\CWebApplication.php(276): CController->run('view')
#18 C:\wamp\www\lib\yii\framework\web\CWebApplication.php(135): CWebApplication->runController('admin/user/view')
#19 C:\wamp\www\lib\yii\framework\base\CApplication.php(162): CWebApplication->processRequest()
#20 C:\wamp\www\kcconline\index.php(7): CApplication->run()
#21 {main}
REQUEST_URI=/kcconline/index.php?r=admin/user/view&id=1
HTTP_REFERER=http://localhost/kcconline/index.php?r=admin/user/create
---
2012/05/13 20:46:14 [error] [php] Undefined variable: model (C:\wamp\www\kcconline\protected\modules\admin\views\user\index.php:29)
Stack trace:
#0 C:\wamp\www\lib\yii\framework\web\CController.php(870): UserController->renderFile()
#1 C:\wamp\www\lib\yii\framework\web\CController.php(783): UserController->renderPartial()
#2 C:\wamp\www\kcconline\protected\modules\admin\controllers\UserController.php(90): UserController->render()
#3 C:\wamp\www\lib\yii\framework\web\actions\CInlineAction.php(50): UserController->actionIndex()
#4 C:\wamp\www\lib\yii\framework\web\CController.php(309): CInlineAction->runWithParams()
#5 C:\wamp\www\lib\yii\framework\web\filters\CFilterChain.php(134): UserController->runAction()
#6 C:\wamp\www\lib\yii\framework\web\filters\CFilter.php(41): CFilterChain->run()
#7 C:\wamp\www\lib\yii\framework\web\CController.php(1146): CAccessControlFilter->filter()
#8 C:\wamp\www\lib\yii\framework\web\filters\CInlineFilter.php(59): UserController->filterAccessControl()
#9 C:\wamp\www\lib\yii\framework\web\filters\CFilterChain.php(131): CInlineFilter->filter()
#10 C:\wamp\www\lib\yii\framework\web\CController.php(292): CFilterChain->run()
#11 C:\wamp\www\lib\yii\framework\web\CController.php(266): UserController->runActionWithFilters()
#12 C:\wamp\www\lib\yii\framework\web\CWebApplication.php(276): UserController->run()
#13 C:\wamp\www\lib\yii\framework\web\CWebApplication.php(135): CWebApplication->runController()
#14 C:\wamp\www\lib\yii\framework\base\CApplication.php(162): CWebApplication->processRequest()
#15 C:\wamp\www\kcconline\index.php(7): CWebApplication->run()
REQUEST_URI=/kcconline/index.php?r=admin/user
in C:\wamp\www\kcconline\protected\modules\admin\views\user\index.php (29)
in C:\wamp\www\kcconline\protected\modules\admin\controllers\UserController.php (90)
in C:\wamp\www\kcconline\index.php (7)
2012/05/13 20:46:54 [error] [exception.CException] exception 'CException' with message 'UserController cannot find the requested view "admin".' in C:\wamp\www\lib\yii\framework\web\CController.php:879
Stack trace:
#0 C:\wamp\www\lib\yii\framework\web\CController.php(783): CController->renderPartial('admin', Array, true)
#1 C:\wamp\www\kcconline\protected\modules\admin\controllers\UserController.php(94): CController->render('admin', Array)
#2 C:\wamp\www\lib\yii\framework\web\actions\CInlineAction.php(50): UserController->actionIndex()
#3 C:\wamp\www\lib\yii\framework\web\CController.php(309): CInlineAction->runWithParams(Array)
#4 C:\wamp\www\lib\yii\framework\web\filters\CFilterChain.php(134): CController->runAction(Object(CInlineAction))
#5 C:\wamp\www\lib\yii\framework\web\filters\CFilter.php(41): CFilterChain->run()
#6 C:\wamp\www\lib\yii\framework\web\CController.php(1146): CFilter->filter(Object(CFilterChain))
#7 C:\wamp\www\lib\yii\framework\web\filters\CInlineFilter.php(59): CController->filterAccessControl(Object(CFilterChain))
#8 C:\wamp\www\lib\yii\framework\web\filters\CFilterChain.php(131): CInlineFilter->filter(Object(CFilterChain))
#9 C:\wamp\www\lib\yii\framework\web\CController.php(292): CFilterChain->run()
#10 C:\wamp\www\lib\yii\framework\web\CController.php(266): CController->runActionWithFilters(Object(CInlineAction), Array)
#11 C:\wamp\www\lib\yii\framework\web\CWebApplication.php(276): CController->run('')
#12 C:\wamp\www\lib\yii\framework\web\CWebApplication.php(135): CWebApplication->runController('admin/user')
#13 C:\wamp\www\lib\yii\framework\base\CApplication.php(162): CWebApplication->processRequest()
#14 C:\wamp\www\kcconline\index.php(7): CApplication->run()
#15 {main}
REQUEST_URI=/kcconline/index.php?r=admin/user
---
2012/05/13 20:46:59 [error] [exception.CException] exception 'CException' with message 'UserController cannot find the requested view "admin".' in C:\wamp\www\lib\yii\framework\web\CController.php:879
Stack trace:
#0 C:\wamp\www\lib\yii\framework\web\CController.php(783): CController->renderPartial('admin', Array, true)
#1 C:\wamp\www\kcconline\protected\modules\admin\controllers\UserController.php(94): CController->render('admin', Array)
#2 C:\wamp\www\lib\yii\framework\web\actions\CInlineAction.php(50): UserController->actionIndex()
#3 C:\wamp\www\lib\yii\framework\web\CController.php(309): CInlineAction->runWithParams(Array)
#4 C:\wamp\www\lib\yii\framework\web\filters\CFilterChain.php(134): CController->runAction(Object(CInlineAction))
#5 C:\wamp\www\lib\yii\framework\web\filters\CFilter.php(41): CFilterChain->run()
#6 C:\wamp\www\lib\yii\framework\web\CController.php(1146): CFilter->filter(Object(CFilterChain))
#7 C:\wamp\www\lib\yii\framework\web\filters\CInlineFilter.php(59): CController->filterAccessControl(Object(CFilterChain))
#8 C:\wamp\www\lib\yii\framework\web\filters\CFilterChain.php(131): CInlineFilter->filter(Object(CFilterChain))
#9 C:\wamp\www\lib\yii\framework\web\CController.php(292): CFilterChain->run()
#10 C:\wamp\www\lib\yii\framework\web\CController.php(266): CController->runActionWithFilters(Object(CInlineAction), Array)
#11 C:\wamp\www\lib\yii\framework\web\CWebApplication.php(276): CController->run('')
#12 C:\wamp\www\lib\yii\framework\web\CWebApplication.php(135): CWebApplication->runController('admin/user')
#13 C:\wamp\www\lib\yii\framework\base\CApplication.php(162): CWebApplication->processRequest()
#14 C:\wamp\www\kcconline\index.php(7): CApplication->run()
#15 {main}
REQUEST_URI=/kcconline/index.php?r=admin/user
---
2012/05/13 21:14:48 [error] [exception.CException] exception 'CException' with message 'WebUser.allowAutoLogin must be set true in order to use cookie-based authentication.' in C:\wamp\www\lib\yii\framework\web\auth\CWebUser.php:235
Stack trace:
#0 C:\wamp\www\kcconline\protected\models\LoginForm.php(70): CWebUser->login(Object(UserIdentity), 604800)
#1 C:\wamp\www\kcconline\protected\controllers\SiteController.php(23): LoginForm->process()
#2 C:\wamp\www\lib\yii\framework\web\actions\CInlineAction.php(50): SiteController->actionLogin()
#3 C:\wamp\www\lib\yii\framework\web\CController.php(309): CInlineAction->runWithParams(Array)
#4 C:\wamp\www\lib\yii\framework\web\filters\CFilterChain.php(134): CController->runAction(Object(CInlineAction))
#5 C:\wamp\www\lib\yii\framework\web\filters\CFilter.php(41): CFilterChain->run()
#6 C:\wamp\www\lib\yii\framework\web\CController.php(1146): CFilter->filter(Object(CFilterChain))
#7 C:\wamp\www\lib\yii\framework\web\filters\CInlineFilter.php(59): CController->filterAccessControl(Object(CFilterChain))
#8 C:\wamp\www\lib\yii\framework\web\filters\CFilterChain.php(131): CInlineFilter->filter(Object(CFilterChain))
#9 C:\wamp\www\lib\yii\framework\web\CController.php(292): CFilterChain->run()
#10 C:\wamp\www\lib\yii\framework\web\CController.php(266): CController->runActionWithFilters(Object(CInlineAction), Array)
#11 C:\wamp\www\lib\yii\framework\web\CWebApplication.php(276): CController->run('login')
#12 C:\wamp\www\lib\yii\framework\web\CWebApplication.php(135): CWebApplication->runController('site/login')
#13 C:\wamp\www\lib\yii\framework\base\CApplication.php(162): CWebApplication->processRequest()
#14 C:\wamp\www\kcconline\index.php(7): CApplication->run()
#15 {main}
REQUEST_URI=/kcconline/index.php?r=site/login
HTTP_REFERER=http://localhost/kcconline/index.php?r=site/login
---
2012/05/13 21:21:40 [error] [exception.CException] exception 'CException' with message 'Property "DefaultController.breadcrumbs" is not defined.' in C:\wamp\www\lib\yii\framework\base\CComponent.php:174
Stack trace:
#0 C:\wamp\www\kcconline\protected\modules\admin\views\default\index.php(2): CComponent->__set('breadcrumbs', Array)
#1 C:\wamp\www\lib\yii\framework\web\CBaseController.php(127): require('C:\wamp\www\kcc...')
#2 C:\wamp\www\lib\yii\framework\web\CBaseController.php(96): CBaseController->renderInternal('C:\wamp\www\kcc...', NULL, true)
#3 C:\wamp\www\lib\yii\framework\web\CController.php(870): CBaseController->renderFile('C:\wamp\www\kcc...', NULL, true)
#4 C:\wamp\www\lib\yii\framework\web\CController.php(783): CController->renderPartial('index', NULL, true)
#5 C:\wamp\www\kcconline\protected\modules\admin\controllers\DefaultController.php(7): CController->render('index')
#6 C:\wamp\www\lib\yii\framework\web\actions\CInlineAction.php(50): DefaultController->actionIndex()
#7 C:\wamp\www\lib\yii\framework\web\CController.php(309): CInlineAction->runWithParams(Array)
#8 C:\wamp\www\lib\yii\framework\web\filters\CFilterChain.php(134): CController->runAction(Object(CInlineAction))
#9 C:\wamp\www\lib\yii\framework\web\filters\CFilter.php(41): CFilterChain->run()
#10 C:\wamp\www\lib\yii\framework\web\CController.php(1146): CFilter->filter(Object(CFilterChain))
#11 C:\wamp\www\lib\yii\framework\web\filters\CInlineFilter.php(59): CController->filterAccessControl(Object(CFilterChain))
#12 C:\wamp\www\lib\yii\framework\web\filters\CFilterChain.php(131): CInlineFilter->filter(Object(CFilterChain))
#13 C:\wamp\www\lib\yii\framework\web\CController.php(292): CFilterChain->run()
#14 C:\wamp\www\lib\yii\framework\web\CController.php(266): CController->runActionWithFilters(Object(CInlineAction), Array)
#15 C:\wamp\www\lib\yii\framework\web\CWebApplication.php(276): CController->run('')
#16 C:\wamp\www\lib\yii\framework\web\CWebApplication.php(135): CWebApplication->runController('admin')
#17 C:\wamp\www\lib\yii\framework\base\CApplication.php(162): CWebApplication->processRequest()
#18 C:\wamp\www\kcconline\index.php(7): CApplication->run()
#19 {main}
REQUEST_URI=/kcconline/index.php?r=admin
---
2012/05/13 21:21:44 [error] [exception.CException] exception 'CException' with message 'Property "DefaultController.breadcrumbs" is not defined.' in C:\wamp\www\lib\yii\framework\base\CComponent.php:174
Stack trace:
#0 C:\wamp\www\kcconline\protected\modules\admin\views\default\index.php(2): CComponent->__set('breadcrumbs', Array)
#1 C:\wamp\www\lib\yii\framework\web\CBaseController.php(127): require('C:\wamp\www\kcc...')
#2 C:\wamp\www\lib\yii\framework\web\CBaseController.php(96): CBaseController->renderInternal('C:\wamp\www\kcc...', NULL, true)
#3 C:\wamp\www\lib\yii\framework\web\CController.php(870): CBaseController->renderFile('C:\wamp\www\kcc...', NULL, true)
#4 C:\wamp\www\lib\yii\framework\web\CController.php(783): CController->renderPartial('index', NULL, true)
#5 C:\wamp\www\kcconline\protected\modules\admin\controllers\DefaultController.php(7): CController->render('index')
#6 C:\wamp\www\lib\yii\framework\web\actions\CInlineAction.php(50): DefaultController->actionIndex()
#7 C:\wamp\www\lib\yii\framework\web\CController.php(309): CInlineAction->runWithParams(Array)
#8 C:\wamp\www\lib\yii\framework\web\filters\CFilterChain.php(134): CController->runAction(Object(CInlineAction))
#9 C:\wamp\www\lib\yii\framework\web\filters\CFilter.php(41): CFilterChain->run()
#10 C:\wamp\www\lib\yii\framework\web\CController.php(1146): CFilter->filter(Object(CFilterChain))
#11 C:\wamp\www\lib\yii\framework\web\filters\CInlineFilter.php(59): CController->filterAccessControl(Object(CFilterChain))
#12 C:\wamp\www\lib\yii\framework\web\filters\CFilterChain.php(131): CInlineFilter->filter(Object(CFilterChain))
#13 C:\wamp\www\lib\yii\framework\web\CController.php(292): CFilterChain->run()
#14 C:\wamp\www\lib\yii\framework\web\CController.php(266): CController->runActionWithFilters(Object(CInlineAction), Array)
#15 C:\wamp\www\lib\yii\framework\web\CWebApplication.php(276): CController->run('')
#16 C:\wamp\www\lib\yii\framework\web\CWebApplication.php(135): CWebApplication->runController('admin')
#17 C:\wamp\www\lib\yii\framework\base\CApplication.php(162): CWebApplication->processRequest()
#18 C:\wamp\www\kcconline\index.php(7): CApplication->run()
#19 {main}
REQUEST_URI=/kcconline/index.php?r=admin
---
2012/05/13 21:25:12 [error] [exception.CException] exception 'CException' with message 'UserController cannot find the requested view "admin_user".' in C:\wamp\www\lib\yii\framework\web\CController.php:879
Stack trace:
#0 C:\wamp\www\kcconline\protected\modules\admin\controllers\UserController.php(89): CController->renderPartial('admin_user', Array, true)
#1 C:\wamp\www\lib\yii\framework\web\actions\CInlineAction.php(50): UserController->actionIndex()
#2 C:\wamp\www\lib\yii\framework\web\CController.php(309): CInlineAction->runWithParams(Array)
#3 C:\wamp\www\lib\yii\framework\web\filters\CFilterChain.php(134): CController->runAction(Object(CInlineAction))
#4 C:\wamp\www\lib\yii\framework\web\filters\CFilter.php(41): CFilterChain->run()
#5 C:\wamp\www\lib\yii\framework\web\CController.php(1146): CFilter->filter(Object(CFilterChain))
#6 C:\wamp\www\lib\yii\framework\web\filters\CInlineFilter.php(59): CController->filterAccessControl(Object(CFilterChain))
#7 C:\wamp\www\lib\yii\framework\web\filters\CFilterChain.php(131): CInlineFilter->filter(Object(CFilterChain))
#8 C:\wamp\www\lib\yii\framework\web\CController.php(292): CFilterChain->run()
#9 C:\wamp\www\lib\yii\framework\web\CController.php(266): CController->runActionWithFilters(Object(CInlineAction), Array)
#10 C:\wamp\www\lib\yii\framework\web\CWebApplication.php(276): CController->run('')
#11 C:\wamp\www\lib\yii\framework\web\CWebApplication.php(135): CWebApplication->runController('admin/user')
#12 C:\wamp\www\lib\yii\framework\base\CApplication.php(162): CWebApplication->processRequest()
#13 C:\wamp\www\kcconline\index.php(7): CApplication->run()
#14 {main}
REQUEST_URI=/kcconline/index.php?r=admin/user
---
2012/05/13 21:25:42 [error] [php] Undefined variable: model (C:\wamp\www\kcconline\protected\modules\admin\views\user\admin_user.php:11)
Stack trace:
#0 C:\wamp\www\lib\yii\framework\web\CController.php(870): UserController->renderFile()
#1 C:\wamp\www\kcconline\protected\modules\admin\controllers\UserController.php(89): UserController->renderPartial()
#2 C:\wamp\www\lib\yii\framework\web\actions\CInlineAction.php(50): UserController->actionIndex()
#3 C:\wamp\www\lib\yii\framework\web\CController.php(309): CInlineAction->runWithParams()
#4 C:\wamp\www\lib\yii\framework\web\filters\CFilterChain.php(134): UserController->runAction()
#5 C:\wamp\www\lib\yii\framework\web\filters\CFilter.php(41): CFilterChain->run()
#6 C:\wamp\www\lib\yii\framework\web\CController.php(1146): CAccessControlFilter->filter()
#7 C:\wamp\www\lib\yii\framework\web\filters\CInlineFilter.php(59): UserController->filterAccessControl()
#8 C:\wamp\www\lib\yii\framework\web\filters\CFilterChain.php(131): CInlineFilter->filter()
#9 C:\wamp\www\lib\yii\framework\web\CController.php(292): CFilterChain->run()
#10 C:\wamp\www\lib\yii\framework\web\CController.php(266): UserController->runActionWithFilters()
#11 C:\wamp\www\lib\yii\framework\web\CWebApplication.php(276): UserController->run()
#12 C:\wamp\www\lib\yii\framework\web\CWebApplication.php(135): CWebApplication->runController()
#13 C:\wamp\www\lib\yii\framework\base\CApplication.php(162): CWebApplication->processRequest()
#14 C:\wamp\www\kcconline\index.php(7): CWebApplication->run()
REQUEST_URI=/kcconline/index.php?r=admin/user
in C:\wamp\www\kcconline\protected\modules\admin\views\user\admin_user.php (11)
in C:\wamp\www\kcconline\protected\modules\admin\controllers\UserController.php (89)
in C:\wamp\www\kcconline\index.php (7)
2012/05/13 21:26:01 [error] [exception.CException] exception 'CException' with message 'UserController cannot find the requested view "admin_user".' in C:\wamp\www\lib\yii\framework\web\CController.php:879
Stack trace:
#0 C:\wamp\www\kcconline\protected\modules\admin\controllers\UserController.php(89): CController->renderPartial('admin_user', Array, true)
#1 C:\wamp\www\lib\yii\framework\web\actions\CInlineAction.php(50): UserController->actionIndex()
#2 C:\wamp\www\lib\yii\framework\web\CController.php(309): CInlineAction->runWithParams(Array)
#3 C:\wamp\www\lib\yii\framework\web\filters\CFilterChain.php(134): CController->runAction(Object(CInlineAction))
#4 C:\wamp\www\lib\yii\framework\web\filters\CFilter.php(41): CFilterChain->run()
#5 C:\wamp\www\lib\yii\framework\web\CController.php(1146): CFilter->filter(Object(CFilterChain))
#6 C:\wamp\www\lib\yii\framework\web\filters\CInlineFilter.php(59): CController->filterAccessControl(Object(CFilterChain))
#7 C:\wamp\www\lib\yii\framework\web\filters\CFilterChain.php(131): CInlineFilter->filter(Object(CFilterChain))
#8 C:\wamp\www\lib\yii\framework\web\CController.php(292): CFilterChain->run()
#9 C:\wamp\www\lib\yii\framework\web\CController.php(266): CController->runActionWithFilters(Object(CInlineAction), Array)
#10 C:\wamp\www\lib\yii\framework\web\CWebApplication.php(276): CController->run('')
#11 C:\wamp\www\lib\yii\framework\web\CWebApplication.php(135): CWebApplication->runController('admin/user')
#12 C:\wamp\www\lib\yii\framework\base\CApplication.php(162): CWebApplication->processRequest()
#13 C:\wamp\www\kcconline\index.php(7): CApplication->run()
#14 {main}
REQUEST_URI=/kcconline/index.php?r=admin/user
---
2012/05/14 01:51:59 [error] [exception.CException] exception 'CException' with message 'Property "DefaultController.breadcrumbs" is not defined.' in C:\wamp\www\lib\yii\framework\base\CComponent.php:174
Stack trace:
#0 C:\wamp\www\kcconline\protected\modules\admin\views\default\index.php(2): CComponent->__set('breadcrumbs', Array)
#1 C:\wamp\www\lib\yii\framework\web\CBaseController.php(127): require('C:\wamp\www\kcc...')
#2 C:\wamp\www\lib\yii\framework\web\CBaseController.php(96): CBaseController->renderInternal('C:\wamp\www\kcc...', NULL, true)
#3 C:\wamp\www\lib\yii\framework\web\CController.php(870): CBaseController->renderFile('C:\wamp\www\kcc...', NULL, true)
#4 C:\wamp\www\lib\yii\framework\web\CController.php(783): CController->renderPartial('index', NULL, true)
#5 C:\wamp\www\kcconline\protected\modules\admin\controllers\DefaultController.php(7): CController->render('index')
#6 C:\wamp\www\lib\yii\framework\web\actions\CInlineAction.php(50): DefaultController->actionIndex()
#7 C:\wamp\www\lib\yii\framework\web\CController.php(309): CInlineAction->runWithParams(Array)
#8 C:\wamp\www\lib\yii\framework\web\filters\CFilterChain.php(134): CController->runAction(Object(CInlineAction))
#9 C:\wamp\www\lib\yii\framework\web\filters\CFilter.php(41): CFilterChain->run()
#10 C:\wamp\www\lib\yii\framework\web\CController.php(1146): CFilter->filter(Object(CFilterChain))
#11 C:\wamp\www\lib\yii\framework\web\filters\CInlineFilter.php(59): CController->filterAccessControl(Object(CFilterChain))
#12 C:\wamp\www\lib\yii\framework\web\filters\CFilterChain.php(131): CInlineFilter->filter(Object(CFilterChain))
#13 C:\wamp\www\lib\yii\framework\web\CController.php(292): CFilterChain->run()
#14 C:\wamp\www\lib\yii\framework\web\CController.php(266): CController->runActionWithFilters(Object(CInlineAction), Array)
#15 C:\wamp\www\lib\yii\framework\web\CWebApplication.php(276): CController->run('')
#16 C:\wamp\www\lib\yii\framework\web\CWebApplication.php(135): CWebApplication->runController('admin')
#17 C:\wamp\www\lib\yii\framework\base\CApplication.php(162): CWebApplication->processRequest()
#18 C:\wamp\www\kcconline\index.php(7): CApplication->run()
#19 {main}
REQUEST_URI=/kcconline/index.php?r=admin
---
2012/05/14 01:58:17 [error] [exception.CException] exception 'CException' with message 'Property "DefaultController.breadcrumbs" is not defined.' in C:\wamp\www\lib\yii\framework\base\CComponent.php:174
Stack trace:
#0 C:\wamp\www\kcconline\protected\modules\admin\views\default\index.php(2): CComponent->__set('breadcrumbs', Array)
#1 C:\wamp\www\lib\yii\framework\web\CBaseController.php(127): require('C:\wamp\www\kcc...')
#2 C:\wamp\www\lib\yii\framework\web\CBaseController.php(96): CBaseController->renderInternal('C:\wamp\www\kcc...', NULL, true)
#3 C:\wamp\www\lib\yii\framework\web\CController.php(870): CBaseController->renderFile('C:\wamp\www\kcc...', NULL, true)
#4 C:\wamp\www\lib\yii\framework\web\CController.php(783): CController->renderPartial('index', NULL, true)
#5 C:\wamp\www\kcconline\protected\modules\admin\controllers\DefaultController.php(7): CController->render('index')
#6 C:\wamp\www\lib\yii\framework\web\actions\CInlineAction.php(50): DefaultController->actionIndex()
#7 C:\wamp\www\lib\yii\framework\web\CController.php(309): CInlineAction->runWithParams(Array)
#8 C:\wamp\www\lib\yii\framework\web\filters\CFilterChain.php(134): CController->runAction(Object(CInlineAction))
#9 C:\wamp\www\lib\yii\framework\web\filters\CFilter.php(41): CFilterChain->run()
#10 C:\wamp\www\lib\yii\framework\web\CController.php(1146): CFilter->filter(Object(CFilterChain))
#11 C:\wamp\www\lib\yii\framework\web\filters\CInlineFilter.php(59): CController->filterAccessControl(Object(CFilterChain))
#12 C:\wamp\www\lib\yii\framework\web\filters\CFilterChain.php(131): CInlineFilter->filter(Object(CFilterChain))
#13 C:\wamp\www\lib\yii\framework\web\CController.php(292): CFilterChain->run()
#14 C:\wamp\www\lib\yii\framework\web\CController.php(266): CController->runActionWithFilters(Object(CInlineAction), Array)
#15 C:\wamp\www\lib\yii\framework\web\CWebApplication.php(276): CController->run('')
#16 C:\wamp\www\lib\yii\framework\web\CWebApplication.php(135): CWebApplication->runController('admin')
#17 C:\wamp\www\lib\yii\framework\base\CApplication.php(162): CWebApplication->processRequest()
#18 C:\wamp\www\kcconline\index.php(7): CApplication->run()
#19 {main}
REQUEST_URI=/kcconline/index.php?r=admin
HTTP_REFERER=http://localhost/kcconline/index.php?r=admin/user/create
---
2012/05/14 03:02:39 [error] [exception.CHttpException.404] exception 'CHttpException' with message 'Unable to resolve the request "rbam/rbaminitialize/initialize".' in C:\wamp\www\lib\yii\framework\web\CWebApplication.php:280
Stack trace:
#0 C:\wamp\www\lib\yii\framework\web\CWebApplication.php(135): CWebApplication->runController('rbam/rbaminitia...')
#1 C:\wamp\www\lib\yii\framework\base\CApplication.php(162): CWebApplication->processRequest()
#2 C:\wamp\www\kcconline\index.php(7): CApplication->run()
#3 {main}
REQUEST_URI=/kcconline/index.php?r=rbam/rbaminitialize/initialize
---
2012/05/14 03:02:55 [error] [exception.CHttpException.404] exception 'CHttpException' with message 'The system is unable to find the requested action "initialize".' in C:\wamp\www\lib\yii\framework\web\CController.php:484
Stack trace:
#0 C:\wamp\www\lib\yii\framework\web\CController.php(271): CController->missingAction('initialize')
#1 C:\wamp\www\lib\yii\framework\web\CWebApplication.php(276): CController->run('initialize')
#2 C:\wamp\www\lib\yii\framework\web\CWebApplication.php(135): CWebApplication->runController('rbam/rbaminitia...')
#3 C:\wamp\www\lib\yii\framework\base\CApplication.php(162): CWebApplication->processRequest()
#4 C:\wamp\www\kcconline\index.php(7): CApplication->run()
#5 {main}
REQUEST_URI=/kcconline/index.php?r=rbam/rbaminitialise/initialize
---
2012/05/14 03:18:16 [error] [system.db.CDbCommand] CDbCommand::fetch() failed: SQLSTATE[42S02]: Base table or view not found: 1146 Table 'kcconline.authitem' doesn't exist. The SQL statement executed was: SELECT *
FROM `AuthItem`
WHERE name=:name.
in C:\wamp\www\kcconline\protected\modules\rbam\components\RbamInitialiser.php (223)
in C:\wamp\www\kcconline\protected\modules\rbam\controllers\RbamInitialiseController.php (47)
in C:\wamp\www\kcconline\index.php (7)
2012/05/14 03:18:16 [error] [system.db.CDbCommand] CDbCommand::fetchAll() failed: SQLSTATE[42S02]: Base table or view not found: 1146 Table 'kcconline.authitem' doesn't exist. The SQL statement executed was: SELECT *
FROM `AuthItem`.
in C:\wamp\www\kcconline\protected\modules\rbam\components\RbamInitialiser.php (207)
in C:\wamp\www\kcconline\protected\modules\rbam\components\RbamInitialiser.php (190)
in C:\wamp\www\kcconline\protected\modules\rbam\controllers\RbamInitialiseController.php (81)
2012/05/14 03:18:53 [error] [system.db.CDbCommand] CDbCommand::fetchAll() failed: SQLSTATE[42S22]: Column not found: 1054 Unknown column 'firstname' in 'field list'. The SQL statement executed was: SELECT DISTINCT(UPPER(SUBSTR(`firstname`,1,1))) AS `c` FROM `user`.
in C:\wamp\www\kcconline\protected\modules\rbam\controllers\RbamController.php (135)
in C:\wamp\www\kcconline\protected\modules\rbam\controllers\AuthAssignmentsController.php (78)
in C:\wamp\www\kcconline\index.php (7)
2012/05/14 03:18:53 [error] [exception.CDbException] exception 'CDbException' with message 'CDbCommand failed to execute the SQL statement: SQLSTATE[42S22]: Column not found: 1054 Unknown column 'firstname' in 'field list'. The SQL statement executed was: SELECT DISTINCT(UPPER(SUBSTR(`firstname`,1,1))) AS `c` FROM `user`' in C:\wamp\www\lib\yii\framework\db\CDbCommand.php:528
Stack trace:
#0 C:\wamp\www\lib\yii\framework\db\CDbCommand.php(446): CDbCommand->queryInternal('fetchAll', 7, Array)
#1 C:\wamp\www\kcconline\protected\modules\rbam\controllers\RbamController.php(135): CDbCommand->queryColumn()
#2 C:\wamp\www\kcconline\protected\modules\rbam\controllers\AuthAssignmentsController.php(78): RbamController->activeChars(Object(User), 'firstname')
#3 C:\wamp\www\lib\yii\framework\web\actions\CInlineAction.php(50): AuthAssignmentsController->actionIndex()
#4 C:\wamp\www\lib\yii\framework\web\CController.php(309): CInlineAction->runWithParams(Array)
#5 C:\wamp\www\lib\yii\framework\web\filters\CFilterChain.php(134): CController->runAction(Object(CInlineAction))
#6 C:\wamp\www\lib\yii\framework\web\filters\CFilter.php(41): CFilterChain->run()
#7 C:\wamp\www\lib\yii\framework\web\CController.php(1146): CFilter->filter(Object(CFilterChain))
#8 C:\wamp\www\lib\yii\framework\web\filters\CInlineFilter.php(59): CController->filterAccessControl(Object(CFilterChain))
#9 C:\wamp\www\lib\yii\framework\web\filters\CFilterChain.php(131): CInlineFilter->filter(Object(CFilterChain))
#10 C:\wamp\www\lib\yii\framework\web\CController.php(292): CFilterChain->run()
#11 C:\wamp\www\lib\yii\framework\web\CController.php(266): CController->runActionWithFilters(Object(CInlineAction), Array)
#12 C:\wamp\www\lib\yii\framework\web\CWebApplication.php(276): CController->run('index')
#13 C:\wamp\www\lib\yii\framework\web\CWebApplication.php(135): CWebApplication->runController('rbam/authAssign...')
#14 C:\wamp\www\lib\yii\framework\base\CApplication.php(162): CWebApplication->processRequest()
#15 C:\wamp\www\kcconline\index.php(7): CApplication->run()
#16 {main}
REQUEST_URI=/kcconline/index.php?r=rbam/authAssignments/index
HTTP_REFERER=http://localhost/kcconline/index.php?r=rbam/authItems/generate
---
2012/05/14 03:20:00 [error] [exception.CException] exception 'CException' with message 'Property "User.id" is not defined.' in C:\wamp\www\lib\yii\framework\base\CComponent.php:131
Stack trace:
#0 C:\wamp\www\lib\yii\framework\db\ar\CActiveRecord.php(144): CComponent->__get('id')
#1 C:\wamp\www\lib\yii\framework\base\CComponent.php(607) : eval()'d code(1): CActiveRecord->__get('id')
#2 C:\wamp\www\lib\yii\framework\base\CComponent.php(607): eval()
#3 C:\wamp\www\lib\yii\framework\zii\widgets\grid\CDataColumn.php(139): CComponent->evaluateExpression('$this->grid->ge...', Array)
#4 C:\wamp\www\lib\yii\framework\zii\widgets\grid\CGridColumn.php(138): CDataColumn->renderDataCellContent(0, Object(User))
#5 C:\wamp\www\lib\yii\framework\zii\widgets\grid\CGridView.php(517): CGridColumn->renderDataCell(0)
#6 C:\wamp\www\lib\yii\framework\zii\widgets\grid\CGridView.php(490): CGridView->renderTableRow(0)
#7 C:\wamp\www\lib\yii\framework\zii\widgets\grid\CGridView.php(400): CGridView->renderTableBody()
#8 C:\wamp\www\lib\yii\framework\zii\widgets\CBaseListView.php(158): CGridView->renderItems()
#9 [internal function]: CBaseListView->renderSection(Array)
#10 C:\wamp\www\lib\yii\framework\zii\widgets\CBaseListView.php(141): preg_replace_callback('/{(\w+)}/', Array, '{alphapager}?{s...')
#11 C:\wamp\www\lib\yii\framework\zii\widgets\CBaseListView.php(126): CBaseListView->renderContent()
#12 C:\wamp\www\lib\yii\framework\web\CBaseController.php(174): CBaseListView->run()
#13 C:\wamp\www\kcconline\protected\modules\rbam\views\authAssignments\index.php(51): CBaseController->widget('rbam.extensions...', Array)
#14 C:\wamp\www\lib\yii\framework\web\CBaseController.php(127): require('C:\wamp\www\kcc...')
#15 C:\wamp\www\lib\yii\framework\web\CBaseController.php(96): CBaseController->renderInternal('C:\wamp\www\kcc...', Array, true)
#16 C:\wamp\www\lib\yii\framework\web\CController.php(870): CBaseController->renderFile('C:\wamp\www\kcc...', Array, true)
#17 C:\wamp\www\lib\yii\framework\web\CController.php(783): CController->renderPartial('index', Array, true)
#18 C:\wamp\www\kcconline\protected\modules\rbam\controllers\AuthAssignmentsController.php(109): CController->render('index', Array)
#19 C:\wamp\www\lib\yii\framework\web\actions\CInlineAction.php(50): AuthAssignmentsController->actionIndex()
#20 C:\wamp\www\lib\yii\framework\web\CController.php(309): CInlineAction->runWithParams(Array)
#21 C:\wamp\www\lib\yii\framework\web\filters\CFilterChain.php(134): CController->runAction(Object(CInlineAction))
#22 C:\wamp\www\lib\yii\framework\web\filters\CFilter.php(41): CFilterChain->run()
#23 C:\wamp\www\lib\yii\framework\web\CController.php(1146): CFilter->filter(Object(CFilterChain))
#24 C:\wamp\www\lib\yii\framework\web\filters\CInlineFilter.php(59): CController->filterAccessControl(Object(CFilterChain))
#25 C:\wamp\www\lib\yii\framework\web\filters\CFilterChain.php(131): CInlineFilter->filter(Object(CFilterChain))
#26 C:\wamp\www\lib\yii\framework\web\CController.php(292): CFilterChain->run()
#27 C:\wamp\www\lib\yii\framework\web\CController.php(266): CController->runActionWithFilters(Object(CInlineAction), Array)
#28 C:\wamp\www\lib\yii\framework\web\CWebApplication.php(276): CController->run('index')
#29 C:\wamp\www\lib\yii\framework\web\CWebApplication.php(135): CWebApplication->runController('rbam/authAssign...')
#30 C:\wamp\www\lib\yii\framework\base\CApplication.php(162): CWebApplication->processRequest()
#31 C:\wamp\www\kcconline\index.php(7): CApplication->run()
#32 {main}
REQUEST_URI=/kcconline/index.php?r=rbam/authAssignments/index
HTTP_REFERER=http://localhost/kcconline/index.php?r=rbam/authItems/generate
---
2012/05/14 04:06:51 [error] [exception.CException] exception 'CException' with message 'CourseController cannot find the requested view "_course_Course".' in C:\wamp\www\lib\yii\framework\web\CController.php:879
Stack trace:
#0 C:\wamp\www\kcconline\protected\modules\admin\controllers\CourseController.php(10): CController->renderPartial('_course_Course', Array, true)
#1 C:\wamp\www\lib\yii\framework\web\CWebApplication.php(275): CourseController->init()
#2 C:\wamp\www\lib\yii\framework\web\CWebApplication.php(135): CWebApplication->runController('admin/course')
#3 C:\wamp\www\lib\yii\framework\base\CApplication.php(162): CWebApplication->processRequest()
#4 C:\wamp\www\kcconline\index.php(7): CApplication->run()
#5 {main}
REQUEST_URI=/kcconline/index.php?r=admin/course
---
2012/05/14 04:07:42 [error] [exception.CException] exception 'CException' with message 'Property "Course.rescription" is not defined.' in C:\wamp\www\lib\yii\framework\base\CComponent.php:131
Stack trace:
#0 C:\wamp\www\lib\yii\framework\db\ar\CActiveRecord.php(144): CComponent->__get('rescription')
#1 C:\wamp\www\lib\yii\framework\web\helpers\CHtml.php(2044): CActiveRecord->__get('rescription')
#2 C:\wamp\www\lib\yii\framework\web\helpers\CHtml.php(1774): CHtml::resolveValue(Object(Course), 'rescription')
#3 C:\wamp\www\lib\yii\framework\web\helpers\CHtml.php(1205): CHtml::activeInputField('text', Object(Course), 'rescription', Array)
#4 C:\wamp\www\lib\yii\framework\zii\widgets\grid\CDataColumn.php(105): CHtml::activeTextField(Object(Course), 'rescription', Array)
#5 C:\wamp\www\lib\yii\framework\zii\widgets\grid\CGridColumn.php(106): CDataColumn->renderFilterCellContent()
#6 C:\wamp\www\lib\yii\framework\zii\widgets\grid\CGridView.php(450): CGridColumn->renderFilterCell()
#7 C:\wamp\www\lib\yii\framework\zii\widgets\grid\CGridView.php(428): CGridView->renderFilter()
#8 C:\wamp\www\lib\yii\framework\zii\widgets\grid\CGridView.php(398): CGridView->renderTableHeader()
#9 C:\wamp\www\lib\yii\framework\zii\widgets\CBaseListView.php(158): CGridView->renderItems()
#10 [internal function]: CBaseListView->renderSection(Array)
#11 C:\wamp\www\lib\yii\framework\zii\widgets\CBaseListView.php(141): preg_replace_callback('/{(\w+)}/', Array, '{summary}?{item...')
#12 C:\wamp\www\lib\yii\framework\zii\widgets\CBaseListView.php(126): CBaseListView->renderContent()
#13 C:\wamp\www\lib\yii\framework\web\CBaseController.php(174): CBaseListView->run()
#14 C:\wamp\www\kcconline\protected\modules\admin\views\course\index.php(34): CBaseController->widget('zii.widgets.gri...', Array)
#15 C:\wamp\www\lib\yii\framework\web\CBaseController.php(127): require('C:\wamp\www\kcc...')
#16 C:\wamp\www\lib\yii\framework\web\CBaseController.php(96): CBaseController->renderInternal('C:\wamp\www\kcc...', Array, true)
#17 C:\wamp\www\lib\yii\framework\web\CController.php(870): CBaseController->renderFile('C:\wamp\www\kcc...', Array, true)
#18 C:\wamp\www\lib\yii\framework\web\CController.php(783): CController->renderPartial('index', Array, true)
#19 C:\wamp\www\kcconline\protected\modules\admin\controllers\CourseController.php(99): CController->render('index', Array)
#20 C:\wamp\www\lib\yii\framework\web\actions\CInlineAction.php(50): CourseController->actionIndex()
#21 C:\wamp\www\lib\yii\framework\web\CController.php(309): CInlineAction->runWithParams(Array)
#22 C:\wamp\www\lib\yii\framework\web\filters\CFilterChain.php(134): CController->runAction(Object(CInlineAction))
#23 C:\wamp\www\lib\yii\framework\web\filters\CFilter.php(41): CFilterChain->run()
#24 C:\wamp\www\lib\yii\framework\web\CController.php(1146): CFilter->filter(Object(CFilterChain))
#25 C:\wamp\www\lib\yii\framework\web\filters\CInlineFilter.php(59): CController->filterAccessControl(Object(CFilterChain))
#26 C:\wamp\www\lib\yii\framework\web\filters\CFilterChain.php(131): CInlineFilter->filter(Object(CFilterChain))
#27 C:\wamp\www\lib\yii\framework\web\CController.php(292): CFilterChain->run()
#28 C:\wamp\www\lib\yii\framework\web\CController.php(266): CController->runActionWithFilters(Object(CInlineAction), Array)
#29 C:\wamp\www\lib\yii\framework\web\CWebApplication.php(276): CController->run('')
#30 C:\wamp\www\lib\yii\framework\web\CWebApplication.php(135): CWebApplication->runController('admin/course')
#31 C:\wamp\www\lib\yii\framework\base\CApplication.php(162): CWebApplication->processRequest()
#32 C:\wamp\www\kcconline\index.php(7): CApplication->run()
#33 {main}
REQUEST_URI=/kcconline/index.php?r=admin/course
---
2012/05/14 04:10:20 [error] [system.db.CDbCommand] CDbCommand::execute() failed: SQLSTATE[23000]: Integrity constraint violation: 1452 Cannot add or update a child row: a foreign key constraint fails (`kcconline`.`course`, CONSTRAINT `fk_course_category` FOREIGN KEY (`category_id`) REFERENCES `category` (`uid`) ON DELETE SET NULL ON UPDATE CASCADE). The SQL statement executed was: INSERT INTO `course` (`key_required`, `course_code`, `category_id`, `name`, `description`, `enrollment_key`, `datetime_created`) VALUES (:yp0, :yp1, :yp2, :yp3, :yp4, :yp5, now()).
in C:\wamp\www\kcconline\protected\modules\admin\controllers\CourseController.php (33)
in C:\wamp\www\kcconline\index.php (7)
2012/05/14 04:10:20 [error] [exception.CDbException] exception 'CDbException' with message 'CDbCommand failed to execute the SQL statement: SQLSTATE[23000]: Integrity constraint violation: 1452 Cannot add or update a child row: a foreign key constraint fails (`kcconline`.`course`, CONSTRAINT `fk_course_category` FOREIGN KEY (`category_id`) REFERENCES `category` (`uid`) ON DELETE SET NULL ON UPDATE CASCADE). The SQL statement executed was: INSERT INTO `course` (`key_required`, `course_code`, `category_id`, `name`, `description`, `enrollment_key`, `datetime_created`) VALUES (:yp0, :yp1, :yp2, :yp3, :yp4, :yp5, now())' in C:\wamp\www\lib\yii\framework\db\CDbCommand.php:354
Stack trace:
#0 C:\wamp\www\lib\yii\framework\db\ar\CActiveRecord.php(1014): CDbCommand->execute()
#1 C:\wamp\www\lib\yii\framework\db\ar\CActiveRecord.php(787): CActiveRecord->insert(NULL)
#2 C:\wamp\www\kcconline\protected\modules\admin\controllers\CourseController.php(33): CActiveRecord->save()
#3 C:\wamp\www\lib\yii\framework\web\actions\CInlineAction.php(50): CourseController->actionCreate()
#4 C:\wamp\www\lib\yii\framework\web\CController.php(309): CInlineAction->runWithParams(Array)
#5 C:\wamp\www\lib\yii\framework\web\filters\CFilterChain.php(134): CController->runAction(Object(CInlineAction))
#6 C:\wamp\www\lib\yii\framework\web\filters\CFilter.php(41): CFilterChain->run()
#7 C:\wamp\www\lib\yii\framework\web\CController.php(1146): CFilter->filter(Object(CFilterChain))
#8 C:\wamp\www\lib\yii\framework\web\filters\CInlineFilter.php(59): CController->filterAccessControl(Object(CFilterChain))
#9 C:\wamp\www\lib\yii\framework\web\filters\CFilterChain.php(131): CInlineFilter->filter(Object(CFilterChain))
#10 C:\wamp\www\lib\yii\framework\web\CController.php(292): CFilterChain->run()
#11 C:\wamp\www\lib\yii\framework\web\CController.php(266): CController->runActionWithFilters(Object(CInlineAction), Array)
#12 C:\wamp\www\lib\yii\framework\web\CWebApplication.php(276): CController->run('create')
#13 C:\wamp\www\lib\yii\framework\web\CWebApplication.php(135): CWebApplication->runController('admin/course/cr...')
#14 C:\wamp\www\lib\yii\framework\base\CApplication.php(162): CWebApplication->processRequest()
#15 C:\wamp\www\kcconline\index.php(7): CApplication->run()
#16 {main}
REQUEST_URI=/kcconline/index.php?r=admin/course/create
HTTP_REFERER=http://localhost/kcconline/index.php?r=admin/course/create
---
2012/05/14 04:11:12 [error] [system.db.CDbCommand] CDbCommand::execute() failed: SQLSTATE[23000]: Integrity constraint violation: 1452 Cannot add or update a child row: a foreign key constraint fails (`kcconline`.`course`, CONSTRAINT `fk_course_category` FOREIGN KEY (`category_id`) REFERENCES `category` (`uid`) ON DELETE SET NULL ON UPDATE CASCADE). The SQL statement executed was: INSERT INTO `course` (`key_required`, `course_code`, `category_id`, `name`, `description`, `enrollment_key`, `datetime_created`) VALUES (:yp0, :yp1, :yp2, :yp3, :yp4, :yp5, now()).
in C:\wamp\www\kcconline\protected\modules\admin\controllers\CourseController.php (33)
in C:\wamp\www\kcconline\index.php (7)
2012/05/14 04:11:12 [error] [exception.CDbException] exception 'CDbException' with message 'CDbCommand failed to execute the SQL statement: SQLSTATE[23000]: Integrity constraint violation: 1452 Cannot add or update a child row: a foreign key constraint fails (`kcconline`.`course`, CONSTRAINT `fk_course_category` FOREIGN KEY (`category_id`) REFERENCES `category` (`uid`) ON DELETE SET NULL ON UPDATE CASCADE). The SQL statement executed was: INSERT INTO `course` (`key_required`, `course_code`, `category_id`, `name`, `description`, `enrollment_key`, `datetime_created`) VALUES (:yp0, :yp1, :yp2, :yp3, :yp4, :yp5, now())' in C:\wamp\www\lib\yii\framework\db\CDbCommand.php:354
Stack trace:
#0 C:\wamp\www\lib\yii\framework\db\ar\CActiveRecord.php(1014): CDbCommand->execute()
#1 C:\wamp\www\lib\yii\framework\db\ar\CActiveRecord.php(787): CActiveRecord->insert(NULL)
#2 C:\wamp\www\kcconline\protected\modules\admin\controllers\CourseController.php(33): CActiveRecord->save()
#3 C:\wamp\www\lib\yii\framework\web\actions\CInlineAction.php(50): CourseController->actionCreate()
#4 C:\wamp\www\lib\yii\framework\web\CController.php(309): CInlineAction->runWithParams(Array)
#5 C:\wamp\www\lib\yii\framework\web\filters\CFilterChain.php(134): CController->runAction(Object(CInlineAction))
#6 C:\wamp\www\lib\yii\framework\web\filters\CFilter.php(41): CFilterChain->run()
#7 C:\wamp\www\lib\yii\framework\web\CController.php(1146): CFilter->filter(Object(CFilterChain))
#8 C:\wamp\www\lib\yii\framework\web\filters\CInlineFilter.php(59): CController->filterAccessControl(Object(CFilterChain))
#9 C:\wamp\www\lib\yii\framework\web\filters\CFilterChain.php(131): CInlineFilter->filter(Object(CFilterChain))
#10 C:\wamp\www\lib\yii\framework\web\CController.php(292): CFilterChain->run()
#11 C:\wamp\www\lib\yii\framework\web\CController.php(266): CController->runActionWithFilters(Object(CInlineAction), Array)
#12 C:\wamp\www\lib\yii\framework\web\CWebApplication.php(276): CController->run('create')
#13 C:\wamp\www\lib\yii\framework\web\CWebApplication.php(135): CWebApplication->runController('admin/course/cr...')
#14 C:\wamp\www\lib\yii\framework\base\CApplication.php(162): CWebApplication->processRequest()
#15 C:\wamp\www\kcconline\index.php(7): CApplication->run()
#16 {main}
REQUEST_URI=/kcconline/index.php?r=admin/course/create
HTTP_REFERER=http://localhost/kcconline/index.php?r=admin/course/create
---
2012/05/14 11:04:51 [error] [exception.CHttpException.404] exception 'CHttpException' with message 'Unable to resolve the request "settings".' in /var/www/lib/yii/framework/web/CWebApplication.php:280
Stack trace:
#0 /var/www/lib/yii/framework/web/CWebApplication.php(135): CWebApplication->runController('settings')
#1 /var/www/lib/yii/framework/base/CApplication.php(162): CWebApplication->processRequest()
#2 /var/www/kcconline/index.php(7): CApplication->run()
#3 {main}
REQUEST_URI=/kcconline/index.php?r=settings
HTTP_REFERER=http://localhost/kcconline/
---
2012/05/14 11:14:11 [error] [exception.CHttpException.404] exception 'CHttpException' with message 'Unable to resolve the request "settings".' in /var/www/lib/yii/framework/web/CWebApplication.php:280
Stack trace:
#0 /var/www/lib/yii/framework/web/CWebApplication.php(135): CWebApplication->runController('settings')
#1 /var/www/lib/yii/framework/base/CApplication.php(162): CWebApplication->processRequest()
#2 /var/www/kcconline/index.php(7): CApplication->run()
#3 {main}
REQUEST_URI=/kcconline/index.php?r=settings
HTTP_REFERER=http://localhost/kcconline/index.php
---
2012/05/14 11:15:06 [error] [exception.CException] exception 'CException' with message 'CAssetManager.basePath "/var/www/kcconline/assets" is invalid. Please make sure the directory exists and is writable by the Web server process.' in /var/www/lib/yii/framework/web/CAssetManager.php:116
Stack trace:
#0 /var/www/lib/yii/framework/web/CAssetManager.php(101): CAssetManager->setBasePath('/var/www/kcconl...')
#1 /var/www/lib/yii/framework/web/CAssetManager.php(219): CAssetManager->getBasePath()
#2 /var/www/lib/yii/framework/web/CClientScript.php(449): CAssetManager->publish('/var/www/lib/yi...')
#3 /var/www/lib/yii/framework/web/CClientScript.php(486): CClientScript->getCoreScriptUrl()
#4 /var/www/lib/yii/framework/web/CClientScript.php(302): CClientScript->getPackageBaseUrl('jquery')
#5 /var/www/lib/yii/framework/web/CClientScript.php(195): CClientScript->renderCoreScripts()
#6 /var/www/lib/yii/framework/web/CController.php(352): CClientScript->render('<!DOCTYPE HTML>...')
#7 /var/www/lib/yii/framework/web/CController.php(789): CController->processOutput('<!DOCTYPE HTML>...')
#8 /var/www/kcconline/protected/controllers/SettingsController.php(7): CController->render('index')
#9 /var/www/lib/yii/framework/web/actions/CInlineAction.php(50): SettingsController->actionIndex()
#10 /var/www/lib/yii/framework/web/CController.php(309): CInlineAction->runWithParams(Array)
#11 /var/www/lib/yii/framework/web/filters/CFilterChain.php(134): CController->runAction(Object(CInlineAction))
#12 /var/www/lib/yii/framework/web/filters/CFilter.php(41): CFilterChain->run()
#13 /var/www/lib/yii/framework/web/CController.php(1146): CFilter->filter(Object(CFilterChain))
#14 /var/www/lib/yii/framework/web/filters/CInlineFilter.php(59): CController->filterAccessControl(Object(CFilterChain))
#15 /var/www/lib/yii/framework/web/filters/CFilterChain.php(131): CInlineFilter->filter(Object(CFilterChain))
#16 /var/www/lib/yii/framework/web/CController.php(292): CFilterChain->run()
#17 /var/www/lib/yii/framework/web/CController.php(266): CController->runActionWithFilters(Object(CInlineAction), Array)
#18 /var/www/lib/yii/framework/web/CWebApplication.php(276): CController->run('')
#19 /var/www/lib/yii/framework/web/CWebApplication.php(135): CWebApplication->runController('settings')
#20 /var/www/lib/yii/framework/base/CApplication.php(162): CWebApplication->processRequest()
#21 /var/www/kcconline/index.php(7): CApplication->run()
#22 {main}
REQUEST_URI=/kcconline/index.php?r=settings
HTTP_REFERER=http://localhost/kcconline/index.php
---
2012/05/14 11:15:22 [error] [exception.CException] exception 'CException' with message 'CAssetManager.basePath "/var/www/kcconline/assets" is invalid. Please make sure the directory exists and is writable by the Web server process.' in /var/www/lib/yii/framework/web/CAssetManager.php:116
Stack trace:
#0 /var/www/lib/yii/framework/web/CAssetManager.php(101): CAssetManager->setBasePath('/var/www/kcconl...')
#1 /var/www/lib/yii/framework/web/CAssetManager.php(219): CAssetManager->getBasePath()
#2 /var/www/lib/yii/framework/web/CClientScript.php(449): CAssetManager->publish('/var/www/lib/yi...')
#3 /var/www/lib/yii/framework/web/CClientScript.php(486): CClientScript->getCoreScriptUrl()
#4 /var/www/lib/yii/framework/web/CClientScript.php(302): CClientScript->getPackageBaseUrl('jquery')
#5 /var/www/lib/yii/framework/web/CClientScript.php(195): CClientScript->renderCoreScripts()
#6 /var/www/lib/yii/framework/web/CController.php(352): CClientScript->render('<!DOCTYPE HTML>...')
#7 /var/www/lib/yii/framework/web/CController.php(789): CController->processOutput('<!DOCTYPE HTML>...')
#8 /var/www/kcconline/protected/controllers/SettingsController.php(7): CController->render('index')
#9 /var/www/lib/yii/framework/web/actions/CInlineAction.php(50): SettingsController->actionIndex()
#10 /var/www/lib/yii/framework/web/CController.php(309): CInlineAction->runWithParams(Array)
#11 /var/www/lib/yii/framework/web/filters/CFilterChain.php(134): CController->runAction(Object(CInlineAction))
#12 /var/www/lib/yii/framework/web/filters/CFilter.php(41): CFilterChain->run()
#13 /var/www/lib/yii/framework/web/CController.php(1146): CFilter->filter(Object(CFilterChain))
#14 /var/www/lib/yii/framework/web/filters/CInlineFilter.php(59): CController->filterAccessControl(Object(CFilterChain))
#15 /var/www/lib/yii/framework/web/filters/CFilterChain.php(131): CInlineFilter->filter(Object(CFilterChain))
#16 /var/www/lib/yii/framework/web/CController.php(292): CFilterChain->run()
#17 /var/www/lib/yii/framework/web/CController.php(266): CController->runActionWithFilters(Object(CInlineAction), Array)
#18 /var/www/lib/yii/framework/web/CWebApplication.php(276): CController->run('')
#19 /var/www/lib/yii/framework/web/CWebApplication.php(135): CWebApplication->runController('settings')
#20 /var/www/lib/yii/framework/base/CApplication.php(162): CWebApplication->processRequest()
#21 /var/www/kcconline/index.php(7): CApplication->run()
#22 {main}
REQUEST_URI=/kcconline/index.php?r=settings
HTTP_REFERER=http://localhost/kcconline/index.php
---
2012/05/14 11:15:24 [error] [exception.CException] exception 'CException' with message 'CAssetManager.basePath "/var/www/kcconline/assets" is invalid. Please make sure the directory exists and is writable by the Web server process.' in /var/www/lib/yii/framework/web/CAssetManager.php:116
Stack trace:
#0 /var/www/lib/yii/framework/web/CAssetManager.php(101): CAssetManager->setBasePath('/var/www/kcconl...')
#1 /var/www/lib/yii/framework/web/CAssetManager.php(219): CAssetManager->getBasePath()
#2 /var/www/lib/yii/framework/web/CClientScript.php(449): CAssetManager->publish('/var/www/lib/yi...')
#3 /var/www/lib/yii/framework/web/CClientScript.php(486): CClientScript->getCoreScriptUrl()
#4 /var/www/lib/yii/framework/web/CClientScript.php(302): CClientScript->getPackageBaseUrl('jquery')
#5 /var/www/lib/yii/framework/web/CClientScript.php(195): CClientScript->renderCoreScripts()
#6 /var/www/lib/yii/framework/web/CController.php(352): CClientScript->render('<!DOCTYPE HTML>...')
#7 /var/www/lib/yii/framework/web/CController.php(789): CController->processOutput('<!DOCTYPE HTML>...')
#8 /var/www/kcconline/protected/controllers/SettingsController.php(7): CController->render('index')
#9 /var/www/lib/yii/framework/web/actions/CInlineAction.php(50): SettingsController->actionIndex()
#10 /var/www/lib/yii/framework/web/CController.php(309): CInlineAction->runWithParams(Array)
#11 /var/www/lib/yii/framework/web/filters/CFilterChain.php(134): CController->runAction(Object(CInlineAction))
#12 /var/www/lib/yii/framework/web/filters/CFilter.php(41): CFilterChain->run()
#13 /var/www/lib/yii/framework/web/CController.php(1146): CFilter->filter(Object(CFilterChain))
#14 /var/www/lib/yii/framework/web/filters/CInlineFilter.php(59): CController->filterAccessControl(Object(CFilterChain))
#15 /var/www/lib/yii/framework/web/filters/CFilterChain.php(131): CInlineFilter->filter(Object(CFilterChain))
#16 /var/www/lib/yii/framework/web/CController.php(292): CFilterChain->run()
#17 /var/www/lib/yii/framework/web/CController.php(266): CController->runActionWithFilters(Object(CInlineAction), Array)
#18 /var/www/lib/yii/framework/web/CWebApplication.php(276): CController->run('')
#19 /var/www/lib/yii/framework/web/CWebApplication.php(135): CWebApplication->runController('settings')
#20 /var/www/lib/yii/framework/base/CApplication.php(162): CWebApplication->processRequest()
#21 /var/www/kcconline/index.php(7): CApplication->run()
#22 {main}
REQUEST_URI=/kcconline/index.php?r=settings
HTTP_REFERER=http://localhost/kcconline/index.php
---
2012/05/14 11:15:43 [error] [exception.CHttpException.404] exception 'CHttpException' with message 'The system is unable to find the requested action "changeEmailAddress".' in /var/www/lib/yii/framework/web/CController.php:484
Stack trace:
#0 /var/www/lib/yii/framework/web/CController.php(271): CController->missingAction('changeEmailAddr...')
#1 /var/www/lib/yii/framework/web/CWebApplication.php(276): CController->run('changeEmailAddr...')
#2 /var/www/lib/yii/framework/web/CWebApplication.php(135): CWebApplication->runController('settings/change...')
#3 /var/www/lib/yii/framework/base/CApplication.php(162): CWebApplication->processRequest()
#4 /var/www/kcconline/index.php(7): CApplication->run()
#5 {main}
REQUEST_URI=/kcconline/index.php?r=settings/changeEmailAddress&_=1337012143065
HTTP_REFERER=http://localhost/kcconline/index.php?r=settings
---
2012/05/14 11:15:46 [error] [exception.CHttpException.404] exception 'CHttpException' with message 'The system is unable to find the requested action "changePassword".' in /var/www/lib/yii/framework/web/CController.php:484
Stack trace:
#0 /var/www/lib/yii/framework/web/CController.php(271): CController->missingAction('changePassword')
#1 /var/www/lib/yii/framework/web/CWebApplication.php(276): CController->run('changePassword')
#2 /var/www/lib/yii/framework/web/CWebApplication.php(135): CWebApplication->runController('settings/change...')
#3 /var/www/lib/yii/framework/base/CApplication.php(162): CWebApplication->processRequest()
#4 /var/www/kcconline/index.php(7): CApplication->run()
#5 {main}
REQUEST_URI=/kcconline/index.php?r=settings/changePassword&_=1337012146402
HTTP_REFERER=http://localhost/kcconline/index.php?r=settings
---
2012/05/14 11:16:13 [error] [exception.CHttpException.404] exception 'CHttpException' with message 'The system is unable to find the requested action "changeEmailAddress".' in /var/www/lib/yii/framework/web/CController.php:484
Stack trace:
#0 /var/www/lib/yii/framework/web/CController.php(271): CController->missingAction('changeEmailAddr...')
#1 /var/www/lib/yii/framework/web/CWebApplication.php(276): CController->run('changeEmailAddr...')
#2 /var/www/lib/yii/framework/web/CWebApplication.php(135): CWebApplication->runController('settings/change...')
#3 /var/www/lib/yii/framework/base/CApplication.php(162): CWebApplication->processRequest()
#4 /var/www/kcconline/index.php(7): CApplication->run()
#5 {main}
REQUEST_URI=/kcconline/index.php?r=settings/changeEmailAddress
---
2012/05/14 11:16:30 [warning] [application] Failed to set unsafe attribute "emailAddress" of "ChangeEmailAddressForm".
in /var/www/kcconline/protected/controllers/SettingsController.php (43)
in /var/www/kcconline/index.php (7)
2012/05/14 11:16:30 [error] [exception.CException] exception 'CException' with message 'Property "ChangeEmailAddressForm.email_address" is not defined.' in /var/www/lib/yii/framework/base/CComponent.php:131
Stack trace:
#0 /var/www/lib/yii/framework/validators/CRequiredValidator.php(52): CComponent->__get('email_address')
#1 /var/www/lib/yii/framework/validators/CValidator.php(197): CRequiredValidator->validateAttribute(Object(ChangeEmailAddressForm), 'email_address')
#2 /var/www/lib/yii/framework/base/CModel.php(158): CValidator->validate(Object(ChangeEmailAddressForm), NULL)
#3 /var/www/kcconline/protected/models/ChangeEmailAddressForm.php(28): CModel->validate()
#4 /var/www/kcconline/protected/controllers/SettingsController.php(45): ChangeEmailAddressForm->process()
#5 /var/www/lib/yii/framework/web/actions/CInlineAction.php(50): SettingsController->actionChangeEmailAddress()
#6 /var/www/lib/yii/framework/web/CController.php(309): CInlineAction->runWithParams(Array)
#7 /var/www/lib/yii/framework/web/filters/CFilterChain.php(134): CController->runAction(Object(CInlineAction))
#8 /var/www/lib/yii/framework/web/filters/CFilter.php(41): CFilterChain->run()
#9 /var/www/lib/yii/framework/web/CController.php(1146): CFilter->filter(Object(CFilterChain))
#10 /var/www/lib/yii/framework/web/filters/CInlineFilter.php(59): CController->filterAccessControl(Object(CFilterChain))
#11 /var/www/lib/yii/framework/web/filters/CFilterChain.php(131): CInlineFilter->filter(Object(CFilterChain))
#12 /var/www/lib/yii/framework/web/CController.php(292): CFilterChain->run()
#13 /var/www/lib/yii/framework/web/CController.php(266): CController->runActionWithFilters(Object(CInlineAction), Array)
#14 /var/www/lib/yii/framework/web/CWebApplication.php(276): CController->run('changeEmailAddr...')
#15 /var/www/lib/yii/framework/web/CWebApplication.php(135): CWebApplication->runController('settings/change...')
#16 /var/www/lib/yii/framework/base/CApplication.php(162): CWebApplication->processRequest()
#17 /var/www/kcconline/index.php(7): CApplication->run()
#18 {main}
REQUEST_URI=/kcconline/index.php?r=settings/changeEmailAddress
HTTP_REFERER=http://localhost/kcconline/index.php?r=settings/changeEmailAddress
---
2012/05/14 11:33:09 [error] [php] Trying to get property of non-object (/var/www/kcconline/protected/widgets/views/profile_widget.php:8)
Stack trace:
#0 /var/www/lib/yii/framework/web/widgets/CWidget.php(244): ProfileWidget->renderFile()
#1 /var/www/kcconline/protected/widgets/ProfileWidget.php(14): ProfileWidget->render()
#2 /var/www/lib/yii/framework/web/CBaseController.php(168): ProfileWidget->run()
#3 /var/www/kcconline/protected/controllers/SiteController.php(9): SiteController->widget()
#4 /var/www/lib/yii/framework/web/actions/CInlineAction.php(50): SiteController->actionIndex()
#5 /var/www/lib/yii/framework/web/CController.php(309): CInlineAction->runWithParams()
#6 /var/www/lib/yii/framework/web/filters/CFilterChain.php(134): SiteController->runAction()
#7 /var/www/lib/yii/framework/web/filters/CFilter.php(41): CFilterChain->run()
#8 /var/www/lib/yii/framework/web/CController.php(1146): CAccessControlFilter->filter()
#9 /var/www/lib/yii/framework/web/filters/CInlineFilter.php(59): SiteController->filterAccessControl()
#10 /var/www/lib/yii/framework/web/filters/CFilterChain.php(131): CInlineFilter->filter()
#11 /var/www/lib/yii/framework/web/CController.php(292): CFilterChain->run()
#12 /var/www/lib/yii/framework/web/CController.php(266): SiteController->runActionWithFilters()
#13 /var/www/lib/yii/framework/web/CWebApplication.php(276): SiteController->run()
#14 /var/www/lib/yii/framework/web/CWebApplication.php(135): CWebApplication->runController()
#15 /var/www/lib/yii/framework/base/CApplication.php(162): CWebApplication->processRequest()
#16 /var/www/kcconline/index.php(7): CWebApplication->run()
REQUEST_URI=/kcconline/index.php
in /var/www/kcconline/protected/widgets/views/profile_widget.php (8)
in /var/www/kcconline/protected/widgets/ProfileWidget.php (14)
in /var/www/kcconline/protected/controllers/SiteController.php (9)
2012/05/14 11:49:37 [error] [exception.CException] exception 'CException' with message 'WebUser and its behaviors do not have a method or closure named "hasRole".' in /var/www/lib/yii/framework/base/CComponent.php:266
Stack trace:
#0 /var/www/kcconline/protected/views/layouts/main.php(26): CComponent->__call('hasRole', Array)
#1 /var/www/kcconline/protected/views/layouts/main.php(26): WebUser->hasRole('admin')
#2 /var/www/lib/yii/framework/web/CBaseController.php(127): require('/var/www/kcconl...')
#3 /var/www/lib/yii/framework/web/CBaseController.php(96): CBaseController->renderInternal('/var/www/kcconl...', Array, true)
#4 /var/www/lib/yii/framework/web/CController.php(785): CBaseController->renderFile('/var/www/kcconl...', Array, true)
#5 /var/www/kcconline/protected/controllers/SiteController.php(15): CController->render('index')
#6 /var/www/lib/yii/framework/web/actions/CInlineAction.php(50): SiteController->actionIndex()
#7 /var/www/lib/yii/framework/web/CController.php(309): CInlineAction->runWithParams(Array)
#8 /var/www/lib/yii/framework/web/filters/CFilterChain.php(134): CController->runAction(Object(CInlineAction))
#9 /var/www/lib/yii/framework/web/filters/CFilter.php(41): CFilterChain->run()
#10 /var/www/lib/yii/framework/web/CController.php(1146): CFilter->filter(Object(CFilterChain))
#11 /var/www/lib/yii/framework/web/filters/CInlineFilter.php(59): CController->filterAccessControl(Object(CFilterChain))
#12 /var/www/lib/yii/framework/web/filters/CFilterChain.php(131): CInlineFilter->filter(Object(CFilterChain))
#13 /var/www/lib/yii/framework/web/CController.php(292): CFilterChain->run()
#14 /var/www/lib/yii/framework/web/CController.php(266): CController->runActionWithFilters(Object(CInlineAction), Array)
#15 /var/www/lib/yii/framework/web/CWebApplication.php(276): CController->run('')
#16 /var/www/lib/yii/framework/web/CWebApplication.php(135): CWebApplication->runController('')
#17 /var/www/lib/yii/framework/base/CApplication.php(162): CWebApplication->processRequest()
#18 /var/www/kcconline/index.php(7): CApplication->run()
#19 {main}
REQUEST_URI=/kcconline/
---
2012/05/14 11:56:03 [error] [system.db.CDbCommand] CDbCommand::fetchAll() failed: SQLSTATE[42S02]: Base table or view not found: 1146 Table 'kcconline.AuthItem' doesn't exist. The SQL statement executed was: SELECT `name`, `type`, `description`, `t1`.`bizrule`, `t1`.`data`
FROM `AuthItem` `t1`, `AuthAssignment` `t2`
WHERE name=itemname AND type=:type AND userid=:userid.
in /var/www/kcconline/protected/views/layouts/main.php (26)
in /var/www/kcconline/protected/controllers/SiteController.php (15)
in /var/www/kcconline/index.php (7)
2012/05/14 11:56:03 [error] [exception.CDbException] exception 'CDbException' with message 'CDbCommand failed to execute the SQL statement: SQLSTATE[42S02]: Base table or view not found: 1146 Table 'kcconline.AuthItem' doesn't exist. The SQL statement executed was: SELECT `name`, `type`, `description`, `t1`.`bizrule`, `t1`.`data`
FROM `AuthItem` `t1`, `AuthAssignment` `t2`
WHERE name=itemname AND type=:type AND userid=:userid' in /var/www/lib/yii/framework/db/CDbCommand.php:528
Stack trace:
#0 /var/www/lib/yii/framework/db/CDbCommand.php(390): CDbCommand->queryInternal('fetchAll', Array, Array)
#1 /var/www/lib/yii/framework/web/auth/CDbAuthManager.php(408): CDbCommand->queryAll()
#2 /var/www/lib/yii/framework/web/auth/CAuthManager.php(113): CDbAuthManager->getAuthItems(2, '1')
#3 /var/www/kcconline/protected/views/layouts/main.php(26): CAuthManager->getRoles('1')
#4 /var/www/lib/yii/framework/web/CBaseController.php(127): require('/var/www/kcconl...')
#5 /var/www/lib/yii/framework/web/CBaseController.php(96): CBaseController->renderInternal('/var/www/kcconl...', Array, true)
#6 /var/www/lib/yii/framework/web/CController.php(785): CBaseController->renderFile('/var/www/kcconl...', Array, true)
#7 /var/www/kcconline/protected/controllers/SiteController.php(15): CController->render('index')
#8 /var/www/lib/yii/framework/web/actions/CInlineAction.php(50): SiteController->actionIndex()
#9 /var/www/lib/yii/framework/web/CController.php(309): CInlineAction->runWithParams(Array)
#10 /var/www/lib/yii/framework/web/filters/CFilterChain.php(134): CController->runAction(Object(CInlineAction))
#11 /var/www/lib/yii/framework/web/filters/CFilter.php(41): CFilterChain->run()
#12 /var/www/lib/yii/framework/web/CController.php(1146): CFilter->filter(Object(CFilterChain))
#13 /var/www/lib/yii/framework/web/filters/CInlineFilter.php(59): CController->filterAccessControl(Object(CFilterChain))
#14 /var/www/lib/yii/framework/web/filters/CFilterChain.php(131): CInlineFilter->filter(Object(CFilterChain))
#15 /var/www/lib/yii/framework/web/CController.php(292): CFilterChain->run()
#16 /var/www/lib/yii/framework/web/CController.php(266): CController->runActionWithFilters(Object(CInlineAction), Array)
#17 /var/www/lib/yii/framework/web/CWebApplication.php(276): CController->run('')
#18 /var/www/lib/yii/framework/web/CWebApplication.php(135): CWebApplication->runController('')
#19 /var/www/lib/yii/framework/base/CApplication.php(162): CWebApplication->processRequest()
#20 /var/www/kcconline/index.php(7): CApplication->run()
#21 {main}
REQUEST_URI=/kcconline/
---
2012/05/14 11:59:55 [error] [exception.CHttpException.404] exception 'CHttpException' with message 'Unable to resolve the request "rbac".' in /var/www/lib/yii/framework/web/CWebApplication.php:280
Stack trace:
#0 /var/www/lib/yii/framework/web/CWebApplication.php(135): CWebApplication->runController('rbac')
#1 /var/www/lib/yii/framework/base/CApplication.php(162): CWebApplication->processRequest()
#2 /var/www/kcconline/index.php(7): CApplication->run()
#3 {main}
REQUEST_URI=/kcconline/?r=rbac
---
2012/05/14 12:00:04 [error] [php] file_get_contents(/var/www/kcconline/protected/controllers/Settings~Controller.php): failed to open stream: No such file or directory (/var/www/kcconline/protected/modules/rbam/components/RbamAnalyser.php:108)
Stack trace:
#0 /var/www/kcconline/protected/modules/rbam/components/RbamAnalyser.php(52): RbamAnalyser->getControllers()
#1 /var/www/kcconline/protected/modules/rbam/components/RbamAnalyser.php(41): RbamAnalyser->analyseModule()
#2 /var/www/kcconline/protected/modules/rbam/controllers/AuthItemsController.php(405): RbamAnalyser->run()
#3 /var/www/lib/yii/framework/web/actions/CInlineAction.php(50): AuthItemsController->actionGenerate()
#4 /var/www/lib/yii/framework/web/CController.php(309): CInlineAction->runWithParams()
#5 /var/www/lib/yii/framework/web/filters/CFilterChain.php(134): AuthItemsController->runAction()
#6 /var/www/lib/yii/framework/web/filters/CFilter.php(41): CFilterChain->run()
#7 /var/www/lib/yii/framework/web/CController.php(1146): CAccessControlFilter->filter()
#8 /var/www/lib/yii/framework/web/filters/CInlineFilter.php(59): AuthItemsController->filterAccessControl()
#9 /var/www/lib/yii/framework/web/filters/CFilterChain.php(131): CInlineFilter->filter()
#10 /var/www/lib/yii/framework/web/CController.php(292): CFilterChain->run()
#11 /var/www/lib/yii/framework/web/CController.php(266): AuthItemsController->runActionWithFilters()
#12 /var/www/lib/yii/framework/web/CWebApplication.php(276): AuthItemsController->run()
#13 /var/www/lib/yii/framework/web/CWebApplication.php(135): CWebApplication->runController()
#14 /var/www/lib/yii/framework/base/CApplication.php(162): CWebApplication->processRequest()
#15 /var/www/kcconline/index.php(7): CWebApplication->run()
REQUEST_URI=/kcconline/index.php?r=rbam/authItems/generate
in /var/www/kcconline/protected/modules/rbam/components/RbamAnalyser.php (108)
in /var/www/kcconline/protected/modules/rbam/components/RbamAnalyser.php (89)
in /var/www/kcconline/protected/modules/rbam/components/RbamAnalyser.php (52)
2012/05/14 12:03:21 [error] [exception.CException] exception 'CException' with message 'Property "User.id" is not defined.' in /var/www/lib/yii/framework/base/CComponent.php:131
Stack trace:
#0 /var/www/lib/yii/framework/db/ar/CActiveRecord.php(144): CComponent->__get('id')
#1 /var/www/kcconline/protected/modules/rbam/views/authAssignments/assign.php(111): CActiveRecord->__get('id')
#2 /var/www/lib/yii/framework/web/CBaseController.php(127): require('/var/www/kcconl...')
#3 /var/www/lib/yii/framework/web/CBaseController.php(96): CBaseController->renderInternal('/var/www/kcconl...', Array, true)
#4 /var/www/lib/yii/framework/web/CController.php(870): CBaseController->renderFile('/var/www/kcconl...', Array, true)
#5 /var/www/lib/yii/framework/web/CController.php(783): CController->renderPartial('assign', Array, true)
#6 /var/www/kcconline/protected/modules/rbam/controllers/AuthAssignmentsController.php(175): CController->render('assign', Array)
#7 [internal function]: AuthAssignmentsController->actionAssign('1')
#8 /var/www/lib/yii/framework/web/actions/CAction.php(107): ReflectionMethod->invokeArgs(Object(AuthAssignmentsController), Array)
#9 /var/www/lib/yii/framework/web/actions/CInlineAction.php(48): CAction->runWithParamsInternal(Object(AuthAssignmentsController), Object(ReflectionMethod), Array)
#10 /var/www/lib/yii/framework/web/CController.php(309): CInlineAction->runWithParams(Array)
#11 /var/www/lib/yii/framework/web/filters/CFilterChain.php(134): CController->runAction(Object(CInlineAction))
#12 /var/www/lib/yii/framework/web/filters/CFilter.php(41): CFilterChain->run()
#13 /var/www/lib/yii/framework/web/CController.php(1146): CFilter->filter(Object(CFilterChain))
#14 /var/www/lib/yii/framework/web/filters/CInlineFilter.php(59): CController->filterAccessControl(Object(CFilterChain))
#15 /var/www/lib/yii/framework/web/filters/CFilterChain.php(131): CInlineFilter->filter(Object(CFilterChain))
#16 /var/www/lib/yii/framework/web/CController.php(292): CFilterChain->run()
#17 /var/www/lib/yii/framework/web/CController.php(266): CController->runActionWithFilters(Object(CInlineAction), Array)
#18 /var/www/lib/yii/framework/web/CWebApplication.php(276): CController->run('assign')
#19 /var/www/lib/yii/framework/web/CWebApplication.php(135): CWebApplication->runController('rbam/authAssign...')
#20 /var/www/lib/yii/framework/base/CApplication.php(162): CWebApplication->processRequest()
#21 /var/www/kcconline/index.php(7): CApplication->run()
#22 {main}
REQUEST_URI=/kcconline/index.php?r=rbam/authAssignments/assign&uid=1
HTTP_REFERER=http://localhost/kcconline/index.php?r=rbam/authAssignments/index
---
2012/05/14 12:19:18 [error] [exception.CException] exception 'CException' with message 'UserController cannot find the requested view "_admin_course".' in /var/www/lib/yii/framework/web/CController.php:879
Stack trace:
#0 /var/www/kcconline/protected/modules/admin/controllers/UserController.php(10): CController->renderPartial('_admin_course', Array, true)
#1 /var/www/lib/yii/framework/web/CWebApplication.php(275): UserController->init()
#2 /var/www/lib/yii/framework/web/CWebApplication.php(135): CWebApplication->runController('admin/user/inde...')
#3 /var/www/lib/yii/framework/base/CApplication.php(162): CWebApplication->processRequest()
#4 /var/www/kcconline/index.php(7): CApplication->run()
#5 {main}
REQUEST_URI=/kcconline/index.php?r=admin/user/index
HTTP_REFERER=http://localhost/kcconline/index.php?r=admin
---
